# JRE version: Java(TM) SE Runtime Environment (8.0_40-b25) (build 1.8.0_40-b25)
# Java VM: Java HotSpot(TM) 64-Bit Server VM (25.40-b25 mixed mode linux-amd64 compressed oops)
Heap:
 PSYoungGen      total 290304K, used 147650K [0x00000000eab00000, 0x0000000100000000, 0x0000000100000000)
  eden space 232448K, 62% used [0x00000000eab00000,0x00000000f3858b00,0x00000000f8e00000)
  from space 57856K, 5% used [0x00000000fc780000,0x00000000fca58000,0x0000000100000000)
  to   space 58368K, 0% used [0x00000000f8e00000,0x00000000f8e00000,0x00000000fc700000)
 ParOldGen       total 699392K, used 95442K [0x00000000c0000000, 0x00000000eab00000, 0x00000000eab00000)
  object space 699392K, 13% used [0x00000000c0000000,0x00000000c5d34818,0x00000000eab00000)
 Metaspace       used 111538K, capacity 112407K, committed 112896K, reserved 1142784K
  class space    used 18820K, capacity 19125K, committed 19200K, reserved 1048576K
GC Heap History (10 events):
Event: 42,897 GC heap before
{Heap before GC invocations=14 (full 1):
 PSYoungGen      total 280576K, used 195487K [0x00000000eab00000, 0x0000000100000000, 0x0000000100000000)
  eden space 233472K, 66% used [0x00000000eab00000,0x00000000f430e2c8,0x00000000f8f00000)
  from space 47104K, 84% used [0x00000000fd200000,0x00000000ff8d9b20,0x0000000100000000)
  to   space 57856K, 0% used [0x00000000f8f00000,0x00000000f8f00000,0x00000000fc780000)
 ParOldGen       total 699392K, used 99026K [0x00000000c0000000, 0x00000000eab00000, 0x00000000eab00000)
  object space 699392K, 14% used [0x00000000c0000000,0x00000000c60b4800,0x00000000eab00000)
 Metaspace       used 108178K, capacity 108855K, committed 109184K, reserved 1140736K
  class space    used 18438K, capacity 18709K, committed 18816K, reserved 1048576K
Event: 42,949 GC heap after
Heap after GC invocations=14 (full 1):
 PSYoungGen      total 291328K, used 15050K [0x00000000eab00000, 0x0000000100000000, 0x0000000100000000)
  eden space 233472K, 0% used [0x00000000eab00000,0x00000000eab00000,0x00000000f8f00000)
  from space 57856K, 26% used [0x00000000f8f00000,0x00000000f9db2890,0x00000000fc780000)
  to   space 57856K, 0% used [0x00000000fc780000,0x00000000fc780000,0x0000000100000000)
 ParOldGen       total 699392K, used 127088K [0x00000000c0000000, 0x00000000eab00000, 0x00000000eab00000)
  object space 699392K, 18% used [0x00000000c0000000,0x00000000c7c1c1b0,0x00000000eab00000)
 Metaspace       used 108178K, capacity 108855K, committed 109184K, reserved 1140736K
  class space    used 18438K, capacity 18709K, committed 18816K, reserved 1048576K
}
Event: 42,949 GC heap before
{Heap before GC invocations=15 (full 2):
 PSYoungGen      total 291328K, used 15050K [0x00000000eab00000, 0x0000000100000000, 0x0000000100000000)
  eden space 233472K, 0% used [0x00000000eab00000,0x00000000eab00000,0x00000000f8f00000)
  from space 57856K, 26% used [0x00000000f8f00000,0x00000000f9db2890,0x00000000fc780000)
  to   space 57856K, 0% used [0x00000000fc780000,0x00000000fc780000,0x0000000100000000)
 ParOldGen       total 699392K, used 127088K [0x00000000c0000000, 0x00000000eab00000, 0x00000000eab00000)
  object space 699392K, 18% used [0x00000000c0000000,0x00000000c7c1c1b0,0x00000000eab00000)
 Metaspace       used 108178K, capacity 108855K, committed 109184K, reserved 1140736K
  class space    used 18438K, capacity 18709K, committed 18816K, reserved 1048576K
Event: 43,208 GC heap after
Heap after GC invocations=15 (full 2):
 PSYoungGen      total 291328K, used 0K [0x00000000eab00000, 0x0000000100000000, 0x0000000100000000)
  eden space 233472K, 0% used [0x00000000eab00000,0x00000000eab00000,0x00000000f8f00000)
  from space 57856K, 0% used [0x00000000f8f00000,0x00000000f8f00000,0x00000000fc780000)
  to   space 57856K, 0% used [0x00000000fc780000,0x00000000fc780000,0x0000000100000000)
 ParOldGen       total 699392K, used 75020K [0x00000000c0000000, 0x00000000eab00000, 0x00000000eab00000)
  object space 699392K, 10% used [0x00000000c0000000,0x00000000c49433d0,0x00000000eab00000)
 Metaspace       used 104602K, capacity 105221K, committed 109184K, reserved 1140736K
  class space    used 17739K, capacity 17991K, committed 18816K, reserved 1048576K
}
Event: 3152,068 GC heap before
{Heap before GC invocations=16 (full 2):
 PSYoungGen      total 291328K, used 233472K [0x00000000eab00000, 0x0000000100000000, 0x0000000100000000)
  eden space 233472K, 100% used [0x00000000eab00000,0x00000000f8f00000,0x00000000f8f00000)
  from space 57856K, 0% used [0x00000000f8f00000,0x00000000f8f00000,0x00000000fc780000)
  to   space 57856K, 0% used [0x00000000fc780000,0x00000000fc780000,0x0000000100000000)
 ParOldGen       total 699392K, used 75020K [0x00000000c0000000, 0x00000000eab00000, 0x00000000eab00000)
  object space 699392K, 10% used [0x00000000c0000000,0x00000000c49433d0,0x00000000eab00000)
 Metaspace       used 108650K, capacity 109445K, committed 110208K, reserved 1140736K
  class space    used 18245K, capacity 18503K, committed 18816K, reserved 1048576K
Event: 3152,171 GC heap after
Heap after GC invocations=16 (full 2):
 PSYoungGen      total 292352K, used 19051K [0x00000000eab00000, 0x0000000100000000, 0x0000000100000000)
  eden space 234496K, 0% used [0x00000000eab00000,0x00000000eab00000,0x00000000f9000000)
  from space 57856K, 32% used [0x00000000fc780000,0x00000000fda1ac88,0x0000000100000000)
  to   space 56832K, 0% used [0x00000000f9000000,0x00000000f9000000,0x00000000fc780000)
 ParOldGen       total 699392K, used 75028K [0x00000000c0000000, 0x00000000eab00000, 0x00000000eab00000)
  object space 699392K, 10% used [0x00000000c0000000,0x00000000c49453d0,0x00000000eab00000)
 Metaspace       used 108650K, capacity 109445K, committed 110208K, reserved 1140736K
  class space    used 18245K, capacity 18503K, committed 18816K, reserved 1048576K
}
Event: 3153,201 GC heap before
{Heap before GC invocations=17 (full 2):
 PSYoungGen      total 292352K, used 253547K [0x00000000eab00000, 0x0000000100000000, 0x0000000100000000)
  eden space 234496K, 100% used [0x00000000eab00000,0x00000000f9000000,0x00000000f9000000)
  from space 57856K, 32% used [0x00000000fc780000,0x00000000fda1ac88,0x0000000100000000)
  to   space 56832K, 0% used [0x00000000f9000000,0x00000000f9000000,0x00000000fc780000)
 ParOldGen       total 699392K, used 75028K [0x00000000c0000000, 0x00000000eab00000, 0x00000000eab00000)
  object space 699392K, 10% used [0x00000000c0000000,0x00000000c49453d0,0x00000000eab00000)
 Metaspace       used 108735K, capacity 109509K, committed 110208K, reserved 1140736K
  class space    used 18245K, capacity 18503K, committed 18816K, reserved 1048576K
Event: 3153,234 GC heap after
Heap after GC invocations=17 (full 2):
 PSYoungGen      total 291328K, used 6112K [0x00000000eab00000, 0x0000000100000000, 0x0000000100000000)
  eden space 234496K, 0% used [0x00000000eab00000,0x00000000eab00000,0x00000000f9000000)
  from space 56832K, 10% used [0x00000000f9000000,0x00000000f95f8000,0x00000000fc780000)
  to   space 57856K, 0% used [0x00000000fc780000,0x00000000fc780000,0x0000000100000000)
 ParOldGen       total 699392K, used 91046K [0x00000000c0000000, 0x00000000eab00000, 0x00000000eab00000)
  object space 699392K, 13% used [0x00000000c0000000,0x00000000c58e9808,0x00000000eab00000)
 Metaspace       used 108735K, capacity 109509K, committed 110208K, reserved 1140736K
  class space    used 18245K, capacity 18503K, committed 18816K, reserved 1048576K
}
Event: 3153,702 GC heap before
{Heap before GC invocations=18 (full 2):
 PSYoungGen      total 291328K, used 240608K [0x00000000eab00000, 0x0000000100000000, 0x0000000100000000)
  eden space 234496K, 100% used [0x00000000eab00000,0x00000000f9000000,0x00000000f9000000)
  from space 56832K, 10% used [0x00000000f9000000,0x00000000f95f8000,0x00000000fc780000)
  to   space 57856K, 0% used [0x00000000fc780000,0x00000000fc780000,0x0000000100000000)
 ParOldGen       total 699392K, used 91046K [0x00000000c0000000, 0x00000000eab00000, 0x00000000eab00000)
  object space 699392K, 13% used [0x00000000c0000000,0x00000000c58e9808,0x00000000eab00000)
 Metaspace       used 108745K, capacity 109509K, committed 110208K, reserved 1140736K
  class space    used 18245K, capacity 18503K, committed 18816K, reserved 1048576K
Event: 3153,713 GC heap after
Heap after GC invocations=18 (full 2):
 PSYoungGen      total 290304K, used 2912K [0x00000000eab00000, 0x0000000100000000, 0x0000000100000000)
  eden space 232448K, 0% used [0x00000000eab00000,0x00000000eab00000,0x00000000f8e00000)
  from space 57856K, 5% used [0x00000000fc780000,0x00000000fca58000,0x0000000100000000)
  to   space 58368K, 0% used [0x00000000f8e00000,0x00000000f8e00000,0x00000000fc700000)
 ParOldGen       total 699392K, used 95442K [0x00000000c0000000, 0x00000000eab00000, 0x00000000eab00000)
  object space 699392K, 13% used [0x00000000c0000000,0x00000000c5d34818,0x00000000eab00000)
 Metaspace       used 108745K, capacity 109509K, committed 110208K, reserved 1140736K
  class space    used 18245K, capacity 18503K, committed 18816K, reserved 1048576K
}

